Information: Updating design information... (UID-85)
 
****************************************
Report : timing
        -path full
        -delay min
        -max_paths 1
Design : MyDesign
Version: S-2021.06-SP3
Date   : Sun Nov 20 19:40:49 2022
****************************************

Operating Conditions: fast   Library: NangateOpenCellLibrary_PDKv1_2_v2008_10_fast_nldm
Wire Load Model Mode: top

  Startpoint: current_matrix_state_reg[0]
              (rising edge-triggered flip-flop clocked by clk)
  Endpoint: current_matrix_state_reg[0]
            (rising edge-triggered flip-flop clocked by clk)
  Path Group: clk
  Path Type: min

  Point                                                   Incr       Path
  --------------------------------------------------------------------------
  clock clk (rise edge)                                 0.0000     0.0000
  clock network delay (ideal)                           0.0000     0.0000
  current_matrix_state_reg[0]/CK (DFF_X1)               0.0000     0.0000 r
  current_matrix_state_reg[0]/Q (DFF_X1)                0.0537     0.0537 r
  U6249/ZN (OAI21_X1)                                   0.0174     0.0711 f
  current_matrix_state_reg[0]/D (DFF_X1)                0.0000     0.0711 f
  data arrival time                                                0.0711

  clock clk (rise edge)                                 0.0000     0.0000
  clock network delay (ideal)                           0.0000     0.0000
  clock uncertainty                                     0.0500     0.0500
  current_matrix_state_reg[0]/CK (DFF_X1)               0.0000     0.0500 r
  library hold time                                     0.0006     0.0506
  data required time                                               0.0506
  --------------------------------------------------------------------------
  data required time                                               0.0506
  data arrival time                                               -0.0711
  --------------------------------------------------------------------------
  slack (MET)                                                      0.0205


1
